{"C:\\Users\\moham\\Downloads\\Visual Studio Code\\React\\CC\\ass3\\src\\index.tsx": {"path":"C:\\Users\\moham\\Downloads\\Visual Studio Code\\React\\CC\\ass3\\src\\index.tsx","statementMap":{"0":{"start":{"line":9,"column":13},"end":{"line":11,"column":1}},"1":{"start":{"line":12,"column":0},"end":{"line":22,"column":2}}},"fnMap":{},"branchMap":{},"s":{"0":0,"1":0},"f":{},"b":{}}
,"C:\\Users\\moham\\Downloads\\Visual Studio Code\\React\\CC\\ass3\\src\\components\\EachHeader.tsx": {"path":"C:\\Users\\moham\\Downloads\\Visual Studio Code\\React\\CC\\ass3\\src\\components\\EachHeader.tsx","statementMap":{"0":{"start":{"line":3,"column":26},"end":{"line":14,"column":1}},"1":{"start":{"line":4,"column":2},"end":{"line":13,"column":4}},"2":{"start":{"line":7,"column":50},"end":{"line":7,"column":65}}},"fnMap":{"0":{"name":"(anonymous_0)","decl":{"start":{"line":3,"column":26},"end":{"line":3,"column":27}},"loc":{"start":{"line":3,"column":87},"end":{"line":14,"column":1}},"line":3},"1":{"name":"(anonymous_1)","decl":{"start":{"line":7,"column":44},"end":{"line":7,"column":45}},"loc":{"start":{"line":7,"column":50},"end":{"line":7,"column":65}},"line":7}},"branchMap":{"0":{"loc":{"start":{"line":8,"column":9},"end":{"line":9,"column":53}},"type":"binary-expr","locations":[{"start":{"line":8,"column":9},"end":{"line":8,"column":35}},{"start":{"line":9,"column":11},"end":{"line":9,"column":52}}],"line":8},"1":{"loc":{"start":{"line":9,"column":11},"end":{"line":9,"column":52}},"type":"cond-expr","locations":[{"start":{"line":9,"column":43},"end":{"line":9,"column":46}},{"start":{"line":9,"column":49},"end":{"line":9,"column":52}}],"line":9},"2":{"loc":{"start":{"line":10,"column":9},"end":{"line":10,"column":46}},"type":"cond-expr","locations":[{"start":{"line":10,"column":38},"end":{"line":10,"column":41}},{"start":{"line":10,"column":44},"end":{"line":10,"column":46}}],"line":10}},"s":{"0":3,"1":24,"2":1},"f":{"0":24,"1":1},"b":{"0":[24,2],"1":[1,1],"2":[22,2]},"_coverageSchema":"1a1c01bbd47fc00a2c39e90264f33305004495a9","hash":"e5e801b17085d0a65a20f458f21d2161e5ec410b"}
,"C:\\Users\\moham\\Downloads\\Visual Studio Code\\React\\CC\\ass3\\src\\components\\HeadersWithSorting.tsx": {"path":"C:\\Users\\moham\\Downloads\\Visual Studio Code\\React\\CC\\ass3\\src\\components\\HeadersWithSorting.tsx","statementMap":{"0":{"start":{"line":4,"column":34},"end":{"line":14,"column":1}},"1":{"start":{"line":5,"column":2},"end":{"line":13,"column":5}},"2":{"start":{"line":6,"column":4},"end":{"line":12,"column":6}}},"fnMap":{"0":{"name":"(anonymous_0)","decl":{"start":{"line":4,"column":34},"end":{"line":4,"column":35}},"loc":{"start":{"line":4,"column":84},"end":{"line":14,"column":1}},"line":4},"1":{"name":"(anonymous_1)","decl":{"start":{"line":5,"column":21},"end":{"line":5,"column":22}},"loc":{"start":{"line":6,"column":4},"end":{"line":12,"column":6}},"line":6}},"branchMap":{},"s":{"0":3,"1":5,"2":20},"f":{"0":5,"1":20},"b":{},"_coverageSchema":"1a1c01bbd47fc00a2c39e90264f33305004495a9","hash":"abbea655662f0ba7cccf8bd953118d3bdb093d0c"}
,"C:\\Users\\moham\\Downloads\\Visual Studio Code\\React\\CC\\ass3\\src\\components\\MyPagination.tsx": {"path":"C:\\Users\\moham\\Downloads\\Visual Studio Code\\React\\CC\\ass3\\src\\components\\MyPagination.tsx","statementMap":{"0":{"start":{"line":5,"column":21},"end":{"line":49,"column":1}},"1":{"start":{"line":7,"column":4},"end":{"line":7,"column":25}},"2":{"start":{"line":10,"column":2},"end":{"line":48,"column":4}},"3":{"start":{"line":21,"column":25},"end":{"line":21,"column":48}},"4":{"start":{"line":22,"column":29},"end":{"line":22,"column":39}},"5":{"start":{"line":23,"column":23},"end":{"line":23,"column":31}},"6":{"start":{"line":24,"column":8},"end":{"line":31,"column":9}},"7":{"start":{"line":28,"column":10},"end":{"line":28,"column":33}},"8":{"start":{"line":29,"column":10},"end":{"line":29,"column":40}},"9":{"start":{"line":30,"column":10},"end":{"line":30,"column":30}},"10":{"start":{"line":32,"column":8},"end":{"line":45,"column":10}}},"fnMap":{"0":{"name":"(anonymous_0)","decl":{"start":{"line":5,"column":21},"end":{"line":5,"column":22}},"loc":{"start":{"line":5,"column":74},"end":{"line":49,"column":1}},"line":5},"1":{"name":"handlePageChange","decl":{"start":{"line":6,"column":11},"end":{"line":6,"column":27}},"loc":{"start":{"line":6,"column":78},"end":{"line":8,"column":3}},"line":6},"2":{"name":"(anonymous_2)","decl":{"start":{"line":20,"column":18},"end":{"line":20,"column":19}},"loc":{"start":{"line":20,"column":28},"end":{"line":46,"column":7}},"line":20}},"branchMap":{"0":{"loc":{"start":{"line":24,"column":8},"end":{"line":31,"column":9}},"type":"if","locations":[{"start":{"line":24,"column":8},"end":{"line":31,"column":9}},{"start":{},"end":{}}],"line":24},"1":{"loc":{"start":{"line":25,"column":10},"end":{"line":26,"column":69}},"type":"binary-expr","locations":[{"start":{"line":25,"column":10},"end":{"line":25,"column":30}},{"start":{"line":26,"column":10},"end":{"line":26,"column":69}}],"line":25}},"s":{"0":3,"1":0,"2":1,"3":11,"4":11,"5":11,"6":11,"7":1,"8":1,"9":1,"10":11},"f":{"0":1,"1":0,"2":11},"b":{"0":[1,10],"1":[11,5]},"_coverageSchema":"1a1c01bbd47fc00a2c39e90264f33305004495a9","hash":"c056033766e4d71c1435fa66f83b742efd372fc2"}
,"C:\\Users\\moham\\Downloads\\Visual Studio Code\\React\\CC\\ass3\\src\\components\\Navbar.tsx": {"path":"C:\\Users\\moham\\Downloads\\Visual Studio Code\\React\\CC\\ass3\\src\\components\\Navbar.tsx","statementMap":{"0":{"start":{"line":12,"column":15},"end":{"line":25,"column":3}},"1":{"start":{"line":12,"column":50},"end":{"line":25,"column":1}},"2":{"start":{"line":27,"column":26},"end":{"line":35,"column":3}},"3":{"start":{"line":27,"column":61},"end":{"line":35,"column":1}},"4":{"start":{"line":37,"column":24},"end":{"line":51,"column":3}},"5":{"start":{"line":37,"column":63},"end":{"line":51,"column":1}},"6":{"start":{"line":53,"column":15},"end":{"line":105,"column":1}},"7":{"start":{"line":54,"column":2},"end":{"line":104,"column":4}}},"fnMap":{"0":{"name":"(anonymous_0)","decl":{"start":{"line":12,"column":29},"end":{"line":12,"column":30}},"loc":{"start":{"line":12,"column":50},"end":{"line":25,"column":1}},"line":12},"1":{"name":"(anonymous_1)","decl":{"start":{"line":27,"column":40},"end":{"line":27,"column":41}},"loc":{"start":{"line":27,"column":61},"end":{"line":35,"column":1}},"line":27},"2":{"name":"(anonymous_2)","decl":{"start":{"line":37,"column":42},"end":{"line":37,"column":43}},"loc":{"start":{"line":37,"column":63},"end":{"line":51,"column":1}},"line":37},"3":{"name":"(anonymous_3)","decl":{"start":{"line":53,"column":15},"end":{"line":53,"column":16}},"loc":{"start":{"line":53,"column":66},"end":{"line":105,"column":1}},"line":53}},"branchMap":{},"s":{"0":3,"1":8,"2":3,"3":8,"4":3,"5":8,"6":3,"7":8},"f":{"0":8,"1":8,"2":8,"3":8},"b":{},"_coverageSchema":"1a1c01bbd47fc00a2c39e90264f33305004495a9","hash":"8ace0914cff90b7587e98d4e0d764e0abb129b04"}
,"C:\\Users\\moham\\Downloads\\Visual Studio Code\\React\\CC\\ass3\\src\\components\\TableItem.tsx": {"path":"C:\\Users\\moham\\Downloads\\Visual Studio Code\\React\\CC\\ass3\\src\\components\\TableItem.tsx","statementMap":{"0":{"start":{"line":8,"column":18},"end":{"line":43,"column":1}},"1":{"start":{"line":9,"column":20},"end":{"line":9,"column":48}},"2":{"start":{"line":10,"column":13},"end":{"line":10,"column":39}},"3":{"start":{"line":11,"column":13},"end":{"line":11,"column":39}},"4":{"start":{"line":12,"column":19},"end":{"line":12,"column":32}},"5":{"start":{"line":13,"column":19},"end":{"line":13,"column":32}},"6":{"start":{"line":15,"column":4},"end":{"line":15,"column":41}},"7":{"start":{"line":17,"column":2},"end":{"line":42,"column":4}},"8":{"start":{"line":32,"column":10},"end":{"line":36,"column":11}},"9":{"start":{"line":33,"column":12},"end":{"line":33,"column":56}},"10":{"start":{"line":34,"column":17},"end":{"line":36,"column":11}},"11":{"start":{"line":35,"column":12},"end":{"line":35,"column":56}}},"fnMap":{"0":{"name":"(anonymous_0)","decl":{"start":{"line":8,"column":18},"end":{"line":8,"column":19}},"loc":{"start":{"line":8,"column":60},"end":{"line":43,"column":1}},"line":8},"1":{"name":"handleTitleClick","decl":{"start":{"line":14,"column":11},"end":{"line":14,"column":27}},"loc":{"start":{"line":14,"column":30},"end":{"line":16,"column":3}},"line":14},"2":{"name":"(anonymous_2)","decl":{"start":{"line":31,"column":17},"end":{"line":31,"column":18}},"loc":{"start":{"line":31,"column":23},"end":{"line":37,"column":9}},"line":31}},"branchMap":{"0":{"loc":{"start":{"line":18,"column":13},"end":{"line":18,"column":52}},"type":"cond-expr","locations":[{"start":{"line":18,"column":36},"end":{"line":18,"column":45}},{"start":{"line":18,"column":48},"end":{"line":18,"column":52}}],"line":18},"1":{"loc":{"start":{"line":32,"column":10},"end":{"line":36,"column":11}},"type":"if","locations":[{"start":{"line":32,"column":10},"end":{"line":36,"column":11}},{"start":{"line":34,"column":17},"end":{"line":36,"column":11}}],"line":32},"2":{"loc":{"start":{"line":34,"column":17},"end":{"line":36,"column":11}},"type":"if","locations":[{"start":{"line":34,"column":17},"end":{"line":36,"column":11}},{"start":{},"end":{}}],"line":34}},"s":{"0":3,"1":4,"2":4,"3":4,"4":4,"5":4,"6":0,"7":4,"8":0,"9":0,"10":0,"11":0},"f":{"0":4,"1":0,"2":0},"b":{"0":[0,4],"1":[0,0],"2":[0,0]},"_coverageSchema":"1a1c01bbd47fc00a2c39e90264f33305004495a9","hash":"8c1bc132196f4983ce2614c469cba5716eb9c420"}
,"C:\\Users\\moham\\Downloads\\Visual Studio Code\\React\\CC\\ass3\\src\\components\\TableList.tsx": {"path":"C:\\Users\\moham\\Downloads\\Visual Studio Code\\React\\CC\\ass3\\src\\components\\TableList.tsx","statementMap":{"0":{"start":{"line":7,"column":30},"end":{"line":7,"column":60}},"1":{"start":{"line":9,"column":26},"end":{"line":14,"column":1}},"2":{"start":{"line":10,"column":41},"end":{"line":10,"column":74}},"3":{"start":{"line":11,"column":39},"end":{"line":11,"column":68}},"4":{"start":{"line":12,"column":42},"end":{"line":12,"column":77}},"5":{"start":{"line":13,"column":48},"end":{"line":13,"column":79}},"6":{"start":{"line":16,"column":18},"end":{"line":61,"column":1}},"7":{"start":{"line":17,"column":21},"end":{"line":17,"column":33}},"8":{"start":{"line":18,"column":34},"end":{"line":21,"column":4}},"9":{"start":{"line":22,"column":2},"end":{"line":22,"column":49}},"10":{"start":{"line":23,"column":2},"end":{"line":25,"column":3}},"11":{"start":{"line":24,"column":4},"end":{"line":24,"column":25}},"12":{"start":{"line":27,"column":4},"end":{"line":29,"column":7}},"13":{"start":{"line":28,"column":6},"end":{"line":28,"column":76}},"14":{"start":{"line":31,"column":2},"end":{"line":60,"column":4}},"15":{"start":{"line":51,"column":12},"end":{"line":55,"column":14}}},"fnMap":{"0":{"name":"(anonymous_0)","decl":{"start":{"line":10,"column":9},"end":{"line":10,"column":10}},"loc":{"start":{"line":10,"column":41},"end":{"line":10,"column":74}},"line":10},"1":{"name":"(anonymous_1)","decl":{"start":{"line":11,"column":7},"end":{"line":11,"column":8}},"loc":{"start":{"line":11,"column":39},"end":{"line":11,"column":68}},"line":11},"2":{"name":"(anonymous_2)","decl":{"start":{"line":12,"column":10},"end":{"line":12,"column":11}},"loc":{"start":{"line":12,"column":42},"end":{"line":12,"column":77}},"line":12},"3":{"name":"(anonymous_3)","decl":{"start":{"line":13,"column":16},"end":{"line":13,"column":17}},"loc":{"start":{"line":13,"column":48},"end":{"line":13,"column":79}},"line":13},"4":{"name":"(anonymous_4)","decl":{"start":{"line":16,"column":18},"end":{"line":16,"column":19}},"loc":{"start":{"line":16,"column":51},"end":{"line":61,"column":1}},"line":16},"5":{"name":"handleSorting","decl":{"start":{"line":26,"column":11},"end":{"line":26,"column":24}},"loc":{"start":{"line":26,"column":78},"end":{"line":30,"column":3}},"line":26},"6":{"name":"(anonymous_6)","decl":{"start":{"line":27,"column":16},"end":{"line":27,"column":17}},"loc":{"start":{"line":27,"column":26},"end":{"line":29,"column":5}},"line":27},"7":{"name":"(anonymous_7)","decl":{"start":{"line":50,"column":26},"end":{"line":50,"column":27}},"loc":{"start":{"line":51,"column":12},"end":{"line":55,"column":14}},"line":51}},"branchMap":{"0":{"loc":{"start":{"line":23,"column":2},"end":{"line":25,"column":3}},"type":"if","locations":[{"start":{"line":23,"column":2},"end":{"line":25,"column":3}},{"start":{},"end":{}}],"line":23},"1":{"loc":{"start":{"line":28,"column":34},"end":{"line":28,"column":73}},"type":"cond-expr","locations":[{"start":{"line":28,"column":60},"end":{"line":28,"column":66}},{"start":{"line":28,"column":69},"end":{"line":28,"column":73}}],"line":28}},"s":{"0":3,"1":3,"2":0,"3":0,"4":0,"5":0,"6":3,"7":5,"8":5,"9":5,"10":5,"11":0,"12":0,"13":0,"14":5,"15":3},"f":{"0":0,"1":0,"2":0,"3":0,"4":5,"5":0,"6":0,"7":3},"b":{"0":[0,5],"1":[0,0]},"_coverageSchema":"1a1c01bbd47fc00a2c39e90264f33305004495a9","hash":"48a2e2bb39f3b577213dc4e6f917545696f06563"}
,"C:\\Users\\moham\\Downloads\\Visual Studio Code\\React\\CC\\ass3\\src\\hooks\\useDebouncedValue.ts": {"path":"C:\\Users\\moham\\Downloads\\Visual Studio Code\\React\\CC\\ass3\\src\\hooks\\useDebouncedValue.ts","statementMap":{"0":{"start":{"line":3,"column":26},"end":{"line":15,"column":1}},"1":{"start":{"line":4,"column":28},"end":{"line":4,"column":48}},"2":{"start":{"line":6,"column":2},"end":{"line":12,"column":19}},"3":{"start":{"line":7,"column":18},"end":{"line":9,"column":11}},"4":{"start":{"line":8,"column":6},"end":{"line":8,"column":27}},"5":{"start":{"line":11,"column":4},"end":{"line":11,"column":37}},"6":{"start":{"line":11,"column":17},"end":{"line":11,"column":36}},"7":{"start":{"line":14,"column":2},"end":{"line":14,"column":15}}},"fnMap":{"0":{"name":"(anonymous_0)","decl":{"start":{"line":3,"column":26},"end":{"line":3,"column":27}},"loc":{"start":{"line":3,"column":50},"end":{"line":15,"column":1}},"line":3},"1":{"name":"(anonymous_1)","decl":{"start":{"line":6,"column":12},"end":{"line":6,"column":13}},"loc":{"start":{"line":6,"column":18},"end":{"line":12,"column":3}},"line":6},"2":{"name":"(anonymous_2)","decl":{"start":{"line":7,"column":29},"end":{"line":7,"column":30}},"loc":{"start":{"line":7,"column":35},"end":{"line":9,"column":5}},"line":7},"3":{"name":"(anonymous_3)","decl":{"start":{"line":11,"column":11},"end":{"line":11,"column":12}},"loc":{"start":{"line":11,"column":17},"end":{"line":11,"column":36}},"line":11}},"branchMap":{},"s":{"0":3,"1":8,"2":8,"3":6,"4":0,"5":6,"6":6,"7":8},"f":{"0":8,"1":6,"2":0,"3":6},"b":{},"_coverageSchema":"1a1c01bbd47fc00a2c39e90264f33305004495a9","hash":"509fdd532c3511457ee5d9062c6bea771fe38a7c"}
,"C:\\Users\\moham\\Downloads\\Visual Studio Code\\React\\CC\\ass3\\src\\hooks\\useLocalSearchText.ts": {"path":"C:\\Users\\moham\\Downloads\\Visual Studio Code\\React\\CC\\ass3\\src\\hooks\\useLocalSearchText.ts","statementMap":{"0":{"start":{"line":3,"column":27},"end":{"line":19,"column":1}},"1":{"start":{"line":4,"column":38},"end":{"line":6,"column":3}},"2":{"start":{"line":8,"column":22},"end":{"line":8,"column":35}},"3":{"start":{"line":10,"column":2},"end":{"line":16,"column":19}},"4":{"start":{"line":11,"column":4},"end":{"line":14,"column":5}},"5":{"start":{"line":12,"column":6},"end":{"line":12,"column":33}},"6":{"start":{"line":13,"column":6},"end":{"line":13,"column":13}},"7":{"start":{"line":15,"column":4},"end":{"line":15,"column":51}},"8":{"start":{"line":18,"column":2},"end":{"line":18,"column":37}}},"fnMap":{"0":{"name":"(anonymous_0)","decl":{"start":{"line":3,"column":27},"end":{"line":3,"column":28}},"loc":{"start":{"line":3,"column":33},"end":{"line":19,"column":1}},"line":3},"1":{"name":"(anonymous_1)","decl":{"start":{"line":10,"column":12},"end":{"line":10,"column":13}},"loc":{"start":{"line":10,"column":18},"end":{"line":16,"column":3}},"line":10}},"branchMap":{"0":{"loc":{"start":{"line":5,"column":4},"end":{"line":5,"column":44}},"type":"binary-expr","locations":[{"start":{"line":5,"column":4},"end":{"line":5,"column":38}},{"start":{"line":5,"column":42},"end":{"line":5,"column":44}}],"line":5},"1":{"loc":{"start":{"line":11,"column":4},"end":{"line":14,"column":5}},"type":"if","locations":[{"start":{"line":11,"column":4},"end":{"line":14,"column":5}},{"start":{},"end":{}}],"line":11}},"s":{"0":3,"1":8,"2":8,"3":8,"4":6,"5":6,"6":6,"7":0,"8":8},"f":{"0":8,"1":6},"b":{"0":[8,8],"1":[6,0]},"_coverageSchema":"1a1c01bbd47fc00a2c39e90264f33305004495a9","hash":"d3d21e8b6dc9dad90b24c744c13f69ebfd60f657"}
,"C:\\Users\\moham\\Downloads\\Visual Studio Code\\React\\CC\\ass3\\src\\pages\\Home.tsx": {"path":"C:\\Users\\moham\\Downloads\\Visual Studio Code\\React\\CC\\ass3\\src\\pages\\Home.tsx","statementMap":{"0":{"start":{"line":4,"column":13},"end":{"line":19,"column":1}},"1":{"start":{"line":5,"column":2},"end":{"line":18,"column":4}}},"fnMap":{"0":{"name":"(anonymous_0)","decl":{"start":{"line":4,"column":13},"end":{"line":4,"column":14}},"loc":{"start":{"line":4,"column":19},"end":{"line":19,"column":1}},"line":4}},"branchMap":{},"s":{"0":1,"1":1},"f":{"0":1},"b":{},"_coverageSchema":"1a1c01bbd47fc00a2c39e90264f33305004495a9","hash":"ea47b2d64a95af9b729e2eb6a88661658ffa588a"}
,"C:\\Users\\moham\\Downloads\\Visual Studio Code\\React\\CC\\ass3\\src\\pages\\RawStory.tsx": {"path":"C:\\Users\\moham\\Downloads\\Visual Studio Code\\React\\CC\\ass3\\src\\pages\\RawStory.tsx","statementMap":{"0":{"start":{"line":5,"column":17},"end":{"line":27,"column":1}},"1":{"start":{"line":6,"column":20},"end":{"line":6,"column":33}},"2":{"start":{"line":7,"column":20},"end":{"line":7,"column":38}},"3":{"start":{"line":8,"column":18},"end":{"line":8,"column":43}},"4":{"start":{"line":9,"column":2},"end":{"line":26,"column":4}}},"fnMap":{"0":{"name":"(anonymous_0)","decl":{"start":{"line":5,"column":17},"end":{"line":5,"column":18}},"loc":{"start":{"line":5,"column":23},"end":{"line":27,"column":1}},"line":5}},"branchMap":{},"s":{"0":1,"1":1,"2":1,"3":1,"4":1},"f":{"0":1},"b":{},"_coverageSchema":"1a1c01bbd47fc00a2c39e90264f33305004495a9","hash":"2a927db07239444eda56a8d99b8775f15129e511"}
,"C:\\Users\\moham\\Downloads\\Visual Studio Code\\React\\CC\\ass3\\src\\pages\\VariantOne.tsx": {"path":"C:\\Users\\moham\\Downloads\\Visual Studio Code\\React\\CC\\ass3\\src\\pages\\VariantOne.tsx","statementMap":{"0":{"start":{"line":13,"column":30},"end":{"line":13,"column":54}},"1":{"start":{"line":15,"column":19},"end":{"line":89,"column":1}},"2":{"start":{"line":17,"column":38},"end":{"line":17,"column":49}},"3":{"start":{"line":18,"column":32},"end":{"line":18,"column":46}},"4":{"start":{"line":19,"column":28},"end":{"line":19,"column":43}},"5":{"start":{"line":20,"column":32},"end":{"line":20,"column":62}},"6":{"start":{"line":22,"column":43},"end":{"line":22,"column":63}},"7":{"start":{"line":24,"column":23},"end":{"line":26,"column":3}},"8":{"start":{"line":28,"column":33},"end":{"line":32,"column":3}},"9":{"start":{"line":31,"column":4},"end":{"line":31,"column":38}},"10":{"start":{"line":34,"column":2},"end":{"line":36,"column":21}},"11":{"start":{"line":35,"column":4},"end":{"line":35,"column":19}},"12":{"start":{"line":38,"column":2},"end":{"line":53,"column":21}},"13":{"start":{"line":39,"column":4},"end":{"line":39,"column":21}},"14":{"start":{"line":40,"column":4},"end":{"line":40,"column":20}},"15":{"start":{"line":41,"column":4},"end":{"line":52,"column":9}},"16":{"start":{"line":46,"column":8},"end":{"line":46,"column":53}},"17":{"start":{"line":47,"column":8},"end":{"line":47,"column":26}},"18":{"start":{"line":50,"column":8},"end":{"line":50,"column":23}},"19":{"start":{"line":51,"column":8},"end":{"line":51,"column":26}},"20":{"start":{"line":55,"column":28},"end":{"line":63,"column":3}},"21":{"start":{"line":57,"column":30},"end":{"line":59,"column":8}},"22":{"start":{"line":58,"column":8},"end":{"line":58,"column":43}},"23":{"start":{"line":60,"column":6},"end":{"line":60,"column":34}},"24":{"start":{"line":65,"column":2},"end":{"line":88,"column":4}}},"fnMap":{"0":{"name":"(anonymous_0)","decl":{"start":{"line":15,"column":19},"end":{"line":15,"column":20}},"loc":{"start":{"line":15,"column":25},"end":{"line":89,"column":1}},"line":15},"1":{"name":"(anonymous_1)","decl":{"start":{"line":28,"column":33},"end":{"line":28,"column":34}},"loc":{"start":{"line":30,"column":7},"end":{"line":32,"column":3}},"line":30},"2":{"name":"(anonymous_2)","decl":{"start":{"line":34,"column":12},"end":{"line":34,"column":13}},"loc":{"start":{"line":34,"column":18},"end":{"line":36,"column":3}},"line":34},"3":{"name":"(anonymous_3)","decl":{"start":{"line":38,"column":12},"end":{"line":38,"column":13}},"loc":{"start":{"line":38,"column":18},"end":{"line":53,"column":3}},"line":38},"4":{"name":"(anonymous_4)","decl":{"start":{"line":45,"column":12},"end":{"line":45,"column":13}},"loc":{"start":{"line":45,"column":21},"end":{"line":48,"column":7}},"line":45},"5":{"name":"(anonymous_5)","decl":{"start":{"line":49,"column":13},"end":{"line":49,"column":14}},"loc":{"start":{"line":49,"column":25},"end":{"line":52,"column":7}},"line":49},"6":{"name":"(anonymous_6)","decl":{"start":{"line":56,"column":4},"end":{"line":56,"column":5}},"loc":{"start":{"line":56,"column":26},"end":{"line":61,"column":5}},"line":56},"7":{"name":"(anonymous_7)","decl":{"start":{"line":57,"column":45},"end":{"line":57,"column":46}},"loc":{"start":{"line":57,"column":61},"end":{"line":59,"column":7}},"line":57}},"branchMap":{"0":{"loc":{"start":{"line":68,"column":7},"end":{"line":86,"column":7}},"type":"cond-expr","locations":[{"start":{"line":69,"column":8},"end":{"line":76,"column":10}},{"start":{"line":77,"column":10},"end":{"line":86,"column":7}}],"line":68},"1":{"loc":{"start":{"line":77,"column":10},"end":{"line":86,"column":7}},"type":"cond-expr","locations":[{"start":{"line":78,"column":8},"end":{"line":78,"column":25}},{"start":{"line":80,"column":8},"end":{"line":85,"column":14}}],"line":77}},"s":{"0":3,"1":3,"2":5,"3":4,"4":4,"5":4,"6":4,"7":4,"8":4,"9":0,"10":4,"11":3,"12":4,"13":3,"14":3,"15":3,"16":0,"17":0,"18":0,"19":0,"20":4,"21":0,"22":0,"23":0,"24":4},"f":{"0":5,"1":0,"2":3,"3":3,"4":0,"5":0,"6":0,"7":0},"b":{"0":[4,0],"1":[0,0]},"_coverageSchema":"1a1c01bbd47fc00a2c39e90264f33305004495a9","hash":"5564452346df16705ac50eb97627d96cea53234e"}
,"C:\\Users\\moham\\Downloads\\Visual Studio Code\\React\\CC\\ass3\\src\\pages\\VariantTwo.tsx": {"path":"C:\\Users\\moham\\Downloads\\Visual Studio Code\\React\\CC\\ass3\\src\\pages\\VariantTwo.tsx","statementMap":{"0":{"start":{"line":12,"column":30},"end":{"line":12,"column":54}},"1":{"start":{"line":13,"column":32},"end":{"line":13,"column":56}},"2":{"start":{"line":15,"column":19},"end":{"line":115,"column":1}},"3":{"start":{"line":16,"column":38},"end":{"line":16,"column":49}},"4":{"start":{"line":17,"column":32},"end":{"line":17,"column":46}},"5":{"start":{"line":18,"column":28},"end":{"line":18,"column":43}},"6":{"start":{"line":19,"column":32},"end":{"line":19,"column":62}},"7":{"start":{"line":21,"column":43},"end":{"line":21,"column":63}},"8":{"start":{"line":23,"column":23},"end":{"line":25,"column":3}},"9":{"start":{"line":27,"column":33},"end":{"line":31,"column":3}},"10":{"start":{"line":30,"column":4},"end":{"line":30,"column":38}},"11":{"start":{"line":33,"column":2},"end":{"line":35,"column":19}},"12":{"start":{"line":34,"column":4},"end":{"line":34,"column":19}},"13":{"start":{"line":37,"column":2},"end":{"line":53,"column":21}},"14":{"start":{"line":38,"column":4},"end":{"line":38,"column":21}},"15":{"start":{"line":39,"column":4},"end":{"line":39,"column":20}},"16":{"start":{"line":40,"column":4},"end":{"line":52,"column":9}},"17":{"start":{"line":45,"column":8},"end":{"line":47,"column":11}},"18":{"start":{"line":46,"column":10},"end":{"line":46,"column":71}},"19":{"start":{"line":48,"column":8},"end":{"line":48,"column":26}},"20":{"start":{"line":51,"column":8},"end":{"line":51,"column":23}},"21":{"start":{"line":55,"column":19},"end":{"line":55,"column":56}},"22":{"start":{"line":56,"column":20},"end":{"line":71,"column":3}},"23":{"start":{"line":58,"column":6},"end":{"line":58,"column":26}},"24":{"start":{"line":58,"column":19},"end":{"line":58,"column":26}},"25":{"start":{"line":59,"column":6},"end":{"line":59,"column":58}},"26":{"start":{"line":59,"column":28},"end":{"line":59,"column":58}},"27":{"start":{"line":60,"column":6},"end":{"line":67,"column":8}},"28":{"start":{"line":62,"column":10},"end":{"line":64,"column":11}},"29":{"start":{"line":63,"column":12},"end":{"line":63,"column":46}},"30":{"start":{"line":63,"column":36},"end":{"line":63,"column":44}},"31":{"start":{"line":68,"column":6},"end":{"line":68,"column":48}},"32":{"start":{"line":68,"column":16},"end":{"line":68,"column":48}},"33":{"start":{"line":73,"column":28},"end":{"line":81,"column":3}},"34":{"start":{"line":75,"column":30},"end":{"line":77,"column":8}},"35":{"start":{"line":76,"column":8},"end":{"line":76,"column":43}},"36":{"start":{"line":78,"column":6},"end":{"line":78,"column":34}},"37":{"start":{"line":83,"column":2},"end":{"line":114,"column":4}}},"fnMap":{"0":{"name":"(anonymous_0)","decl":{"start":{"line":15,"column":19},"end":{"line":15,"column":20}},"loc":{"start":{"line":15,"column":25},"end":{"line":115,"column":1}},"line":15},"1":{"name":"(anonymous_1)","decl":{"start":{"line":27,"column":33},"end":{"line":27,"column":34}},"loc":{"start":{"line":29,"column":7},"end":{"line":31,"column":3}},"line":29},"2":{"name":"(anonymous_2)","decl":{"start":{"line":33,"column":12},"end":{"line":33,"column":13}},"loc":{"start":{"line":33,"column":18},"end":{"line":35,"column":3}},"line":33},"3":{"name":"(anonymous_3)","decl":{"start":{"line":37,"column":12},"end":{"line":37,"column":13}},"loc":{"start":{"line":37,"column":18},"end":{"line":53,"column":3}},"line":37},"4":{"name":"(anonymous_4)","decl":{"start":{"line":44,"column":12},"end":{"line":44,"column":13}},"loc":{"start":{"line":44,"column":21},"end":{"line":49,"column":7}},"line":44},"5":{"name":"(anonymous_5)","decl":{"start":{"line":45,"column":19},"end":{"line":45,"column":20}},"loc":{"start":{"line":45,"column":41},"end":{"line":47,"column":9}},"line":45},"6":{"name":"(anonymous_6)","decl":{"start":{"line":50,"column":13},"end":{"line":50,"column":14}},"loc":{"start":{"line":50,"column":25},"end":{"line":52,"column":7}},"line":50},"7":{"name":"(anonymous_7)","decl":{"start":{"line":57,"column":4},"end":{"line":57,"column":5}},"loc":{"start":{"line":57,"column":19},"end":{"line":69,"column":5}},"line":57},"8":{"name":"(anonymous_8)","decl":{"start":{"line":61,"column":8},"end":{"line":61,"column":9}},"loc":{"start":{"line":61,"column":21},"end":{"line":65,"column":9}},"line":61},"9":{"name":"(anonymous_9)","decl":{"start":{"line":63,"column":26},"end":{"line":63,"column":27}},"loc":{"start":{"line":63,"column":36},"end":{"line":63,"column":44}},"line":63},"10":{"name":"(anonymous_10)","decl":{"start":{"line":74,"column":4},"end":{"line":74,"column":5}},"loc":{"start":{"line":74,"column":26},"end":{"line":79,"column":5}},"line":74},"11":{"name":"(anonymous_11)","decl":{"start":{"line":75,"column":45},"end":{"line":75,"column":46}},"loc":{"start":{"line":75,"column":61},"end":{"line":77,"column":7}},"line":75}},"branchMap":{"0":{"loc":{"start":{"line":58,"column":6},"end":{"line":58,"column":26}},"type":"if","locations":[{"start":{"line":58,"column":6},"end":{"line":58,"column":26}},{"start":{},"end":{}}],"line":58},"1":{"loc":{"start":{"line":59,"column":6},"end":{"line":59,"column":58}},"type":"if","locations":[{"start":{"line":59,"column":6},"end":{"line":59,"column":58}},{"start":{},"end":{}}],"line":59},"2":{"loc":{"start":{"line":62,"column":10},"end":{"line":64,"column":11}},"type":"if","locations":[{"start":{"line":62,"column":10},"end":{"line":64,"column":11}},{"start":{},"end":{}}],"line":62},"3":{"loc":{"start":{"line":62,"column":14},"end":{"line":62,"column":58}},"type":"binary-expr","locations":[{"start":{"line":62,"column":14},"end":{"line":62,"column":39}},{"start":{"line":62,"column":43},"end":{"line":62,"column":58}}],"line":62},"4":{"loc":{"start":{"line":68,"column":6},"end":{"line":68,"column":48}},"type":"if","locations":[{"start":{"line":68,"column":6},"end":{"line":68,"column":48}},{"start":{},"end":{}}],"line":68},"5":{"loc":{"start":{"line":90,"column":7},"end":{"line":100,"column":7}},"type":"cond-expr","locations":[{"start":{"line":91,"column":8},"end":{"line":91,"column":25}},{"start":{"line":93,"column":8},"end":{"line":99,"column":14}}],"line":90},"6":{"loc":{"start":{"line":101,"column":7},"end":{"line":112,"column":7}},"type":"cond-expr","locations":[{"start":{"line":102,"column":8},"end":{"line":109,"column":10}},{"start":{"line":111,"column":8},"end":{"line":111,"column":10}}],"line":101}},"s":{"0":3,"1":3,"2":3,"3":5,"4":4,"5":4,"6":4,"7":4,"8":4,"9":4,"10":0,"11":4,"12":3,"13":4,"14":3,"15":3,"16":3,"17":0,"18":0,"19":0,"20":0,"21":4,"22":4,"23":0,"24":0,"25":0,"26":0,"27":0,"28":0,"29":0,"30":0,"31":0,"32":0,"33":4,"34":0,"35":0,"36":0,"37":4},"f":{"0":5,"1":0,"2":3,"3":3,"4":0,"5":0,"6":0,"7":0,"8":0,"9":0,"10":0,"11":0},"b":{"0":[0,0],"1":[0,0],"2":[0,0],"3":[0,0],"4":[0,0],"5":[0,4],"6":[4,0]},"_coverageSchema":"1a1c01bbd47fc00a2c39e90264f33305004495a9","hash":"9539f18fd47ca45520e7d583122d60f8e3ae8d3d"}
,"C:\\Users\\moham\\Downloads\\Visual Studio Code\\React\\CC\\ass3\\src\\types\\index.ts": {"path":"C:\\Users\\moham\\Downloads\\Visual Studio Code\\React\\CC\\ass3\\src\\types\\index.ts","statementMap":{},"fnMap":{},"branchMap":{},"s":{},"f":{},"b":{}}
,"C:\\Users\\moham\\Downloads\\Visual Studio Code\\React\\CC\\ass3\\src\\variables\\index.ts": {"path":"C:\\Users\\moham\\Downloads\\Visual Studio Code\\React\\CC\\ass3\\src\\variables\\index.ts","statementMap":{"0":{"start":{"line":1,"column":24},"end":{"line":1,"column":62}}},"fnMap":{},"branchMap":{},"s":{"0":3},"f":{},"b":{},"_coverageSchema":"1a1c01bbd47fc00a2c39e90264f33305004495a9","hash":"9b5ebbe2105187a8cd1aa9a2c1bcfe7ca5d54ead"}
}
