TN:
SF:src\Home.tsx
FN:4,(anonymous_0)
FNF:1
FNH:1
FNDA:1,(anonymous_0)
DA:4,1
DA:5,1
LF:2
LH:2
BRF:0
BRH:0
end_of_record
TN:
SF:src\index.tsx
FNF:0
FNH:0
DA:8,0
DA:11,0
LF:2
LH:0
BRF:0
BRH:0
end_of_record
TN:
SF:src\components\EachHeader.tsx
FN:1,(anonymous_0)
FN:5,(anonymous_1)
FNF:2
FNH:2
FNDA:12,(anonymous_0)
FNDA:1,(anonymous_1)
DA:1,3
DA:2,12
DA:5,1
LF:3
LH:3
BRDA:6,0,0,12
BRDA:6,0,1,2
BRDA:7,1,0,1
BRDA:7,1,1,1
BRDA:8,2,0,10
BRDA:8,2,1,2
BRF:6
BRH:6
end_of_record
TN:
SF:src\components\HeadersWithSorting.tsx
FN:3,(anonymous_0)
FN:4,(anonymous_1)
FNF:2
FNH:2
FNDA:2,(anonymous_0)
FNDA:8,(anonymous_1)
DA:3,3
DA:4,2
DA:5,8
LF:3
LH:3
BRF:0
BRH:0
end_of_record
TN:
SF:src\components\MyPagination.tsx
FN:5,(anonymous_0)
FN:7,handlePageChange
FN:25,(anonymous_2)
FNF:3
FNH:2
FNDA:1,(anonymous_0)
FNDA:0,handlePageChange
FNDA:11,(anonymous_2)
DA:5,3
DA:8,0
DA:11,1
DA:26,11
LF:4
LH:3
BRF:0
BRH:0
end_of_record
TN:
SF:src\components\Navbar.tsx
FN:11,(anonymous_0)
FN:26,(anonymous_1)
FN:36,(anonymous_2)
FN:53,(anonymous_3)
FNF:4
FNH:4
FNDA:7,(anonymous_0)
FNDA:7,(anonymous_1)
FNDA:7,(anonymous_2)
FNDA:7,(anonymous_3)
DA:11,7
DA:26,7
DA:36,7
DA:53,3
DA:54,7
LF:5
LH:5
BRF:0
BRH:0
end_of_record
TN:
SF:src\components\TableItem.tsx
FN:8,(anonymous_0)
FN:31,(anonymous_1)
FNF:2
FNH:1
FNDA:1,(anonymous_0)
FNDA:0,(anonymous_1)
DA:8,3
DA:12,1
DA:14,1
DA:15,1
DA:17,1
DA:19,1
DA:32,0
DA:33,0
DA:34,0
DA:35,0
LF:10
LH:6
BRDA:20,0,0,0
BRDA:20,0,1,1
BRDA:32,1,0,0
BRDA:32,1,1,0
BRDA:34,2,0,0
BRDA:34,2,1,0
BRF:6
BRH:1
end_of_record
TN:
SF:src\components\TableList.tsx
FN:8,(anonymous_0)
FN:9,(anonymous_1)
FN:10,(anonymous_2)
FN:11,(anonymous_3)
FN:14,(anonymous_4)
FN:27,handleSorting
FN:28,(anonymous_6)
FN:51,(anonymous_7)
FNF:8
FNH:1
FNDA:0,(anonymous_0)
FNDA:0,(anonymous_1)
FNDA:0,(anonymous_2)
FNDA:0,(anonymous_3)
FNDA:6,(anonymous_4)
FNDA:0,handleSorting
FNDA:0,(anonymous_6)
FNDA:0,(anonymous_7)
DA:7,3
DA:8,0
DA:9,0
DA:10,0
DA:11,0
DA:14,3
DA:15,6
DA:17,2
DA:22,2
DA:23,2
DA:24,0
DA:28,0
DA:29,0
DA:33,2
DA:52,0
LF:15
LH:7
BRDA:23,0,0,0
BRDA:23,0,1,2
BRDA:29,1,0,0
BRDA:29,1,1,0
BRF:4
BRH:1
end_of_record
TN:
SF:src\hooks\useDebouncedValue.ts
FN:3,(anonymous_0)
FN:6,(anonymous_1)
FN:7,(anonymous_2)
FN:11,(anonymous_3)
FNF:4
FNH:3
FNDA:7,(anonymous_0)
FNDA:5,(anonymous_1)
FNDA:0,(anonymous_2)
FNDA:5,(anonymous_3)
DA:3,3
DA:4,7
DA:6,7
DA:7,5
DA:8,0
DA:11,5
DA:14,7
LF:7
LH:6
BRF:0
BRH:0
end_of_record
TN:
SF:src\hooks\useLocalSearchText.ts
FN:3,(anonymous_0)
FN:10,(anonymous_1)
FNF:2
FNH:2
FNDA:7,(anonymous_0)
FNDA:5,(anonymous_1)
DA:3,3
DA:4,7
DA:8,7
DA:10,7
DA:11,5
DA:12,5
DA:13,5
DA:15,0
DA:18,7
LF:9
LH:8
BRDA:5,0,0,7
BRDA:5,0,1,7
BRDA:11,1,0,5
BRDA:11,1,1,0
BRF:4
BRH:3
end_of_record
TN:
SF:src\pages\VariantOne.tsx
FN:15,(anonymous_0)
FN:24,(anonymous_1)
FN:34,(anonymous_2)
FN:38,(anonymous_3)
FN:45,(anonymous_4)
FN:50,(anonymous_5)
FN:58,(anonymous_6)
FN:59,(anonymous_7)
FNF:8
FNH:3
FNDA:6,(anonymous_0)
FNDA:0,(anonymous_1)
FNDA:4,(anonymous_2)
FNDA:4,(anonymous_3)
FNDA:0,(anonymous_4)
FNDA:0,(anonymous_5)
FNDA:0,(anonymous_6)
FNDA:0,(anonymous_7)
DA:13,3
DA:15,3
DA:16,6
DA:18,5
DA:20,5
DA:24,5
DA:27,0
DA:30,5
DA:31,5
DA:32,5
DA:34,5
DA:35,4
DA:38,5
DA:39,4
DA:40,4
DA:41,4
DA:47,0
DA:48,0
DA:51,0
DA:57,5
DA:59,0
DA:60,0
DA:62,0
DA:67,5
LF:24
LH:17
BRDA:70,0,0,5
BRDA:70,0,1,0
BRDA:78,1,0,0
BRDA:78,1,1,0
BRF:4
BRH:1
end_of_record
TN:
SF:src\pages\VariantTwo.tsx
FN:17,(anonymous_0)
FN:26,(anonymous_1)
FN:36,(anonymous_2)
FN:40,(anonymous_3)
FN:47,(anonymous_4)
FN:49,(anonymous_5)
FN:54,(anonymous_6)
FN:61,(anonymous_7)
FN:65,(anonymous_8)
FN:67,(anonymous_9)
FN:80,(anonymous_10)
FN:81,(anonymous_11)
FNF:12
FNH:3
FNDA:2,(anonymous_0)
FNDA:0,(anonymous_1)
FNDA:1,(anonymous_2)
FNDA:1,(anonymous_3)
FNDA:0,(anonymous_4)
FNDA:0,(anonymous_5)
FNDA:0,(anonymous_6)
FNDA:0,(anonymous_7)
FNDA:0,(anonymous_8)
FNDA:0,(anonymous_9)
FNDA:0,(anonymous_10)
FNDA:0,(anonymous_11)
DA:14,3
DA:15,3
DA:17,3
DA:18,2
DA:20,2
DA:22,2
DA:26,2
DA:29,0
DA:32,2
DA:33,2
DA:34,2
DA:36,2
DA:37,1
DA:40,2
DA:41,1
DA:42,1
DA:43,1
DA:49,0
DA:50,0
DA:52,0
DA:55,0
DA:59,2
DA:60,2
DA:62,0
DA:63,0
DA:64,0
DA:66,0
DA:67,0
DA:72,0
DA:79,2
DA:81,0
DA:82,0
DA:84,0
DA:89,2
LF:34
LH:20
BRDA:62,0,0,0
BRDA:62,0,1,0
BRDA:63,1,0,0
BRDA:63,1,1,0
BRDA:66,2,0,0
BRDA:66,2,1,0
BRDA:66,3,0,0
BRDA:66,3,1,0
BRDA:72,4,0,0
BRDA:72,4,1,0
BRDA:92,5,0,0
BRDA:92,5,1,2
BRDA:103,6,0,2
BRDA:103,6,1,0
BRF:14
BRH:2
end_of_record
TN:
SF:src\types\index.ts
FNF:0
FNH:0
LF:0
LH:0
BRF:0
BRH:0
end_of_record
TN:
SF:src\variables\index.ts
FNF:0
FNH:0
DA:1,3
LF:1
LH:1
BRF:0
BRH:0
end_of_record
