TN:
SF:src\index.tsx
FNF:0
FNH:0
DA:9,0
DA:12,0
LF:2
LH:0
BRF:0
BRH:0
end_of_record
TN:
SF:src\components\EachHeader.tsx
FN:3,(anonymous_0)
FN:7,(anonymous_1)
FNF:2
FNH:2
FNDA:26,(anonymous_0)
FNDA:1,(anonymous_1)
DA:3,3
DA:4,26
DA:7,1
LF:3
LH:3
BRDA:8,0,0,26
BRDA:8,0,1,0
BRDA:9,1,0,0
BRDA:9,1,1,0
BRDA:10,2,0,26
BRDA:10,2,1,0
BRF:6
BRH:2
end_of_record
TN:
SF:src\components\HeadersWithSorting.tsx
FN:4,(anonymous_0)
FN:5,(anonymous_1)
FNF:2
FNH:2
FNDA:6,(anonymous_0)
FNDA:24,(anonymous_1)
DA:4,3
DA:5,6
DA:6,24
LF:3
LH:3
BRF:0
BRH:0
end_of_record
TN:
SF:src\components\MyPagination.tsx
FN:5,(anonymous_0)
FN:6,handlePageChange
FN:20,(anonymous_2)
FNF:3
FNH:3
FNDA:2,(anonymous_0)
FNDA:1,handlePageChange
FNDA:22,(anonymous_2)
DA:5,3
DA:7,1
DA:10,2
DA:21,22
DA:22,22
DA:23,22
DA:24,22
DA:28,2
DA:29,2
DA:30,2
DA:32,22
LF:11
LH:11
BRDA:24,0,0,2
BRDA:24,0,1,20
BRDA:25,1,0,22
BRDA:25,1,1,11
BRF:4
BRH:4
end_of_record
TN:
SF:src\components\Navbar.tsx
FN:12,(anonymous_0)
FN:27,(anonymous_1)
FN:37,(anonymous_2)
FN:53,(anonymous_3)
FNF:4
FNH:4
FNDA:9,(anonymous_0)
FNDA:9,(anonymous_1)
FNDA:9,(anonymous_2)
FNDA:9,(anonymous_3)
DA:12,9
DA:27,9
DA:37,9
DA:53,3
DA:54,9
LF:5
LH:5
BRF:0
BRH:0
end_of_record
TN:
SF:src\components\TableItem.tsx
FN:8,(anonymous_0)
FN:14,handleTitleClick
FN:31,(anonymous_2)
FNF:3
FNH:3
FNDA:27,(anonymous_0)
FNDA:1,handleTitleClick
FNDA:2,(anonymous_2)
DA:8,3
DA:9,27
DA:10,27
DA:11,27
DA:12,27
DA:13,27
DA:15,1
DA:17,27
DA:32,2
DA:33,1
DA:34,1
DA:35,1
LF:12
LH:12
BRDA:18,0,0,1
BRDA:18,0,1,26
BRDA:32,1,0,1
BRDA:32,1,1,1
BRDA:34,2,0,1
BRDA:34,2,1,0
BRF:6
BRH:5
end_of_record
TN:
SF:src\components\TableList.tsx
FN:10,(anonymous_0)
FN:11,(anonymous_1)
FN:12,(anonymous_2)
FN:13,(anonymous_3)
FN:17,(anonymous_4)
FN:29,handleSorting
FN:30,(anonymous_6)
FN:52,(anonymous_7)
FNF:8
FNH:2
FNDA:0,(anonymous_0)
FNDA:0,(anonymous_1)
FNDA:0,(anonymous_2)
FNDA:0,(anonymous_3)
FNDA:6,(anonymous_4)
FNDA:0,handleSorting
FNDA:0,(anonymous_6)
FNDA:22,(anonymous_7)
DA:7,3
DA:9,3
DA:10,0
DA:11,0
DA:12,0
DA:14,0
DA:17,3
DA:20,6
DA:21,6
DA:25,6
DA:26,6
DA:27,0
DA:30,0
DA:31,0
DA:34,6
DA:53,22
LF:16
LH:9
BRDA:26,0,0,0
BRDA:26,0,1,6
BRDA:31,1,0,0
BRDA:31,1,1,0
BRF:4
BRH:1
end_of_record
TN:
SF:src\hooks\useDebouncedValue.ts
FN:3,(anonymous_0)
FN:6,(anonymous_1)
FN:7,(anonymous_2)
FN:11,(anonymous_3)
FNF:4
FNH:3
FNDA:10,(anonymous_0)
FNDA:6,(anonymous_1)
FNDA:0,(anonymous_2)
FNDA:6,(anonymous_3)
DA:3,3
DA:4,10
DA:6,10
DA:7,6
DA:8,0
DA:11,6
DA:14,10
LF:7
LH:6
BRF:0
BRH:0
end_of_record
TN:
SF:src\hooks\useLocalSearchText.ts
FN:3,(anonymous_0)
FN:10,(anonymous_1)
FNF:2
FNH:2
FNDA:10,(anonymous_0)
FNDA:6,(anonymous_1)
DA:3,3
DA:4,10
DA:8,10
DA:10,10
DA:11,6
DA:12,4
DA:13,4
DA:15,2
DA:18,10
LF:9
LH:9
BRDA:5,0,0,10
BRDA:5,0,1,5
BRDA:11,1,0,4
BRDA:11,1,1,2
BRF:4
BRH:4
end_of_record
TN:
SF:src\pages\Home.tsx
FN:4,(anonymous_0)
FNF:1
FNH:1
FNDA:1,(anonymous_0)
DA:4,1
DA:5,1
LF:2
LH:2
BRF:0
BRH:0
end_of_record
TN:
SF:src\pages\RawStory.tsx
FN:7,(anonymous_0)
FN:13,handleFormat
FN:14,(anonymous_2)
FNF:3
FNH:3
FNDA:3,(anonymous_0)
FNDA:1,handleFormat
FNDA:1,(anonymous_2)
DA:7,2
DA:8,3
DA:9,3
DA:10,3
DA:11,3
DA:12,3
DA:14,1
DA:16,3
LF:8
LH:8
BRDA:31,0,0,1
BRDA:31,0,1,2
BRDA:37,1,0,1
BRDA:37,1,1,2
BRF:4
BRH:4
end_of_record
TN:
SF:src\pages\VariantOne.tsx
FN:15,(anonymous_0)
FN:27,(anonymous_1)
FN:33,(anonymous_2)
FN:40,(anonymous_3)
FN:44,(anonymous_4)
FN:51,(anonymous_5)
FN:52,(anonymous_6)
FNF:7
FNH:3
FNDA:4,(anonymous_0)
FNDA:1,(anonymous_1)
FNDA:2,(anonymous_2)
FNDA:0,(anonymous_3)
FNDA:0,(anonymous_4)
FNDA:0,(anonymous_5)
FNDA:0,(anonymous_6)
DA:13,3
DA:15,3
DA:16,4
DA:17,4
DA:18,4
DA:19,4
DA:21,4
DA:23,4
DA:27,4
DA:30,1
DA:33,4
DA:34,2
DA:35,2
DA:36,2
DA:41,0
DA:42,0
DA:45,0
DA:46,0
DA:50,4
DA:52,0
DA:53,0
DA:55,0
DA:60,4
LF:23
LH:16
BRDA:67,0,0,4
BRDA:67,0,1,0
BRDA:76,1,0,0
BRDA:76,1,1,0
BRF:4
BRH:1
end_of_record
TN:
SF:src\pages\VariantTwo.tsx
FN:15,(anonymous_0)
FN:27,(anonymous_1)
FN:33,(anonymous_2)
FN:37,(anonymous_3)
FN:44,(anonymous_4)
FN:45,(anonymous_5)
FN:50,(anonymous_6)
FN:57,(anonymous_7)
FN:61,(anonymous_8)
FN:63,(anonymous_9)
FN:74,(anonymous_10)
FN:75,(anonymous_11)
FNF:12
FNH:4
FNDA:6,(anonymous_0)
FNDA:1,(anonymous_1)
FNDA:3,(anonymous_2)
FNDA:2,(anonymous_3)
FNDA:0,(anonymous_4)
FNDA:0,(anonymous_5)
FNDA:0,(anonymous_6)
FNDA:0,(anonymous_7)
FNDA:0,(anonymous_8)
FNDA:0,(anonymous_9)
FNDA:0,(anonymous_10)
FNDA:0,(anonymous_11)
DA:12,3
DA:13,3
DA:15,3
DA:16,6
DA:17,6
DA:18,6
DA:19,6
DA:21,6
DA:23,6
DA:27,6
DA:30,1
DA:33,6
DA:34,3
DA:37,6
DA:38,2
DA:39,2
DA:40,2
DA:45,0
DA:46,0
DA:48,0
DA:51,0
DA:55,6
DA:56,6
DA:58,0
DA:59,0
DA:60,0
DA:62,0
DA:63,0
DA:68,0
DA:73,6
DA:75,0
DA:76,0
DA:78,0
DA:83,6
LF:34
LH:21
BRDA:58,0,0,0
BRDA:58,0,1,0
BRDA:59,1,0,0
BRDA:59,1,1,0
BRDA:62,2,0,0
BRDA:62,2,1,0
BRDA:62,3,0,0
BRDA:62,3,1,0
BRDA:68,4,0,0
BRDA:68,4,1,0
BRDA:90,5,0,0
BRDA:90,5,1,6
BRDA:101,6,0,6
BRDA:101,6,1,0
BRF:14
BRH:2
end_of_record
TN:
SF:src\types\index.ts
FNF:0
FNH:0
LF:0
LH:0
BRF:0
BRH:0
end_of_record
TN:
SF:src\variables\index.ts
FNF:0
FNH:0
DA:1,3
LF:1
LH:1
BRF:0
BRH:0
end_of_record
TN:
SF:src\variables\testingVariables.ts
FNF:0
FNH:0
DA:1,2
DA:2,2
DA:3,2
DA:4,2
DA:5,2
DA:6,2
DA:7,2
DA:8,2
DA:9,2
DA:10,2
DA:11,2
DA:12,2
DA:14,2
DA:22,2
DA:32,2
DA:42,2
LF:16
LH:16
BRF:0
BRH:0
end_of_record
